\BOOKMARK [1][-]{section.1}{\376\377\000T\036\325\000n\000g\000\040\000q\000u\000a\000n}{}% 1
\BOOKMARK [2][-]{subsection.1.1}{\376\377\000G\000i\036\333\000i\000\040\000t\000h\000i\036\307\000u\000\040\001\021\036\301\000\040\000t\000\340\000i}{section.1}% 2
\BOOKMARK [2][-]{subsection.1.2}{\376\377\000M\036\345\000c\000\040\000t\000i\000\352\000u\000\040\001\021\036\301\000\040\000t\000\340\000i}{section.1}% 3
\BOOKMARK [2][-]{subsection.1.3}{\376\377\000P\000h\036\241\000m\000\040\000v\000i\000\040\001\021\036\301\000\040\000t\000\340\000i}{section.1}% 4
\BOOKMARK [2][-]{subsection.1.4}{\376\377\000\335\000\040\000n\000g\000h\001\051\000a\000\040\001\021\036\301\000\040\000t\000\340\000i}{section.1}% 5
\BOOKMARK [2][-]{subsection.1.5}{\376\377\001\020\000\363\000n\000g\000\040\000g\000\363\000p\000\040\000c\036\347\000a\000\040\001\021\036\301\000\040\000t\000\340\000i}{section.1}% 6
\BOOKMARK [1][-]{section.2}{\376\377\000C\001\241\000\040\000s\036\337\000\040\000l\000\375\000\040\000t\000h\000u\000y\036\277\000t}{}% 7
\BOOKMARK [2][-]{subsection.2.1}{\376\377\000L\001\260\036\343\000c\000\040\001\021\036\323\000\040\000B\000P\000M\000N}{section.2}% 8
\BOOKMARK [2][-]{subsection.2.2}{\376\377\000L\001\260\036\343\000c\000\040\001\021\036\323\000\040\000B\000P\000E\000L}{section.2}% 9
\BOOKMARK [1][-]{section.3}{\376\377\000Y\000\352\000u\000\040\000c\036\247\000u\000\040\000h\036\307\000\040\000t\000h\036\321\000n\000g}{}% 10
\BOOKMARK [2][-]{subsection.3.1}{\376\377\000Y\000\352\000u\000\040\000c\036\247\000u\000\040\000c\000h\036\351\000c\000\040\000n\001\003\000n\000g}{section.3}% 11
\BOOKMARK [2][-]{subsection.3.2}{\376\377\000Y\000\352\000u\000\040\000c\036\247\000u\000\040\000p\000h\000i\000\040\000c\000h\036\351\000c\000\040\000n\001\003\000n\000g}{section.3}% 12
\BOOKMARK [1][-]{section.4}{\376\377\000L\001\260\036\343\000c\000\040\001\021\036\323\000\040\000U\000s\000e\000-\000c\000a\000s\000e}{}% 13
\BOOKMARK [2][-]{subsection.4.1}{\376\377\000T\000o\000\340\000n\000\040\000h\036\307\000\040\000t\000h\036\321\000n\000g}{section.4}% 14
\BOOKMARK [2][-]{subsection.4.2}{\376\377\001\020\036\267\000t\000\040\000h\000\340\000n\000g\000\040\000t\000r\036\361\000c\000\040\000t\000u\000y\036\277\000n}{section.4}% 15
\BOOKMARK [3][-]{subsubsection.4.2.1}{\376\377\000X\000e\000m\000\040\000d\000a\000n\000h\000\040\000s\000\341\000c\000h\000\040\000s\036\243\000n\000\040\000p\000h\036\251\000m}{subsection.4.2}% 16
\BOOKMARK [3][-]{subsubsection.4.2.2}{\376\377\000L\036\315\000c\000\040\000s\036\243\000n\000\040\000p\000h\036\251\000m\000\040\000t\000h\000e\000o\000\040\000t\036\353\000\040\000k\000h\000\363\000a}{subsection.4.2}% 17
\BOOKMARK [3][-]{subsubsection.4.2.3}{\376\377\000L\036\315\000c\000\040\000s\036\243\000n\000\040\000p\000h\036\251\000m\000\040\000t\000h\000e\000o\000\040\000s\036\361\000\040\000k\000i\036\307\000n\000\040}{subsection.4.2}% 18
\BOOKMARK [3][-]{subsubsection.4.2.4}{\376\377\000L\036\315\000c\000\040\000s\036\243\000n\000\040\000p\000h\036\251\000m\000\040\000t\000h\000e\000o\000\040\001\021\036\267\000c\000\040\001\021\000i\036\303\000m\000\040}{subsection.4.2}% 19
\BOOKMARK [3][-]{subsubsection.4.2.5}{\376\377\000X\000e\000m\000\040\000t\000h\000\364\000n\000g\000\040\000t\000i\000n\000\040\000c\000h\000i\000\040\000t\000i\036\277\000t\000\040\000s\036\243\000n\000\040\000p\000h\036\251\000m\000\040}{subsection.4.2}% 20
\BOOKMARK [3][-]{subsubsection.4.2.6}{\376\377\000\040\000T\000h\000\352\000m\000\040\000s\036\243\000n\000\040\000p\000h\036\251\000m\000\040\000v\000\340\000o\000\040\000g\000i\036\317\000\040\000h\000\340\000n\000g}{subsection.4.2}% 21
\BOOKMARK [3][-]{subsubsection.4.2.7}{\376\377\000M\000u\000a\000\040\000h\000\340\000n\000g\000\040\000t\000r\036\361\000c\000\040\000t\000u\000y\036\277\000n\000\040}{subsection.4.2}% 22
\BOOKMARK [3][-]{subsubsection.4.2.8}{\376\377\000T\000h\000a\000n\000h\000\040\000t\000o\000\341\000n}{subsection.4.2}% 23
\BOOKMARK [2][-]{subsection.4.3}{\376\377\000Q\000u\036\243\000n\000\040\000l\000\375\000\040\000s\036\361\000\040\000k\000i\036\307\000n}{section.4}% 24
\BOOKMARK [3][-]{subsubsection.4.3.1}{\376\377\000X\000e\000m\000\040\000t\000h\000\364\000n\000g\000\040\000t\000i\000n\000\040\000c\000h\000i\000\040\000t\000i\036\277\000t\000\040\000s\036\361\000\040\000k\000i\036\307\000n}{subsection.4.3}% 25
\BOOKMARK [3][-]{subsubsection.4.3.2}{\376\377\000T\000h\000\352\000m\000\040\000s\036\361\000\040\000k\000i\036\307\000n\000\040\000c\000h\000o\000\040\000h\036\307\000\040\000t\000h\036\321\000n\000g\000\040\000b\000\341\000n\000\040\000h\000\340\000n\000g\000\040\000o\000n\000l\000i\000n\000e\000.}{subsection.4.3}% 26
\BOOKMARK [3][-]{subsubsection.4.3.3}{\376\377\000C\000h\036\311\000n\000h\000\040\000s\036\355\000a\000\040\000s\036\361\000\040\000k\000i\036\307\000n}{subsection.4.3}% 27
\BOOKMARK [3][-]{subsubsection.4.3.4}{\376\377\000X\000\363\000a\000\040\000s\036\361\000\040\000k\000i\036\307\000n}{subsection.4.3}% 28
\BOOKMARK [2][-]{subsection.4.4}{\376\377\000Q\000u\036\243\000n\000\040\000l\000\375\000\040\000c\000h\000i\000\040\000n\000h\000\341\000n\000h}{section.4}% 29
\BOOKMARK [3][-]{subsubsection.4.4.1}{\376\377\000T\000h\000\352\000m\000\040\000c\000h\000i\000\040\000n\000h\000\341\000n\000h}{subsection.4.4}% 30
\BOOKMARK [3][-]{subsubsection.4.4.2}{\376\377\000C\000h\036\311\000n\000h\000\040\000s\036\355\000a\000\040\000t\000h\000\364\000n\000g\000\040\000t\000i\000n\000\040\000c\000h\000i\000\040\000n\000h\000\341\000n\000h}{subsection.4.4}% 31
\BOOKMARK [3][-]{subsubsection.4.4.3}{\376\377\000X\000e\000m\000\040\000t\000h\000\364\000n\000g\000\040\000t\000i\000n\000\040\000c\000h\000i\000\040\000t\000i\036\277\000t\000\040\000c\000h\000i\000\040\000n\000h\000\341\000n\000h}{subsection.4.4}% 32
\BOOKMARK [3][-]{subsubsection.4.4.4}{\376\377\000X\000\363\000a\000\040\000c\000h\000i\000\040\000n\000h\000\341\000n\000h}{subsection.4.4}% 33
\BOOKMARK [2][-]{subsection.4.5}{\376\377\000Q\000u\036\243\000n\000\040\000l\000\375\000\040\000h\000o\036\241\000t\000\040\001\021\036\331\000n\000g\000\040\000k\000i\000n\000h\000\040\000d\000o\000a\000n\000h}{section.4}% 34
\BOOKMARK [3][-]{subsubsection.4.5.1}{\376\377\000X\000e\000m\000\040\000b\000i\036\303\000u\000\040\001\021\036\323\000\040\000k\000i\000n\000h\000\040\000d\000o\000a\000n\000h}{subsection.4.5}% 35
\BOOKMARK [2][-]{subsection.4.6}{\376\377\000Q\000u\036\243\000n\000\040\000l\000\375\000\040\000n\000h\000\342\000n\000\040\000v\000i\000\352\000n}{section.4}% 36
\BOOKMARK [3][-]{subsubsection.4.6.1}{\376\377\000X\000e\000m\000\040\000t\000h\000\364\000n\000g\000\040\000t\000i\000n\000\040\000c\000h\000i\000\040\000t\000i\036\277\000t\000\040\000n\000h\000\342\000n\000\040\000v\000i\000\352\000n}{subsection.4.6}% 37
\BOOKMARK [3][-]{subsubsection.4.6.2}{\376\377\000X\000e\000m\000\040\000t\000h\000\364\000n\000g\000\040\000t\000i\000n\000\040\001\021\000i\036\303\000m\000\040\000d\000a\000n\000h\000\040\000n\000h\000\342\000n\000\040\000v\000i\000\352\000n}{subsection.4.6}% 38
\BOOKMARK [3][-]{subsubsection.4.6.3}{\376\377\000C\000h\036\311\000n\000h\000\040\000s\036\355\000a\000\040\000t\000h\000\364\000n\000g\000\040\000t\000i\000n\000\040\000c\000h\000i\000\040\000t\000i\036\277\000t\000\040\000n\000h\000\342\000n\000\040\000v\000i\000\352\000n}{subsection.4.6}% 39
\BOOKMARK [3][-]{subsubsection.4.6.4}{\376\377\000T\000h\000\352\000m\000\040\000n\000h\000\342\000n\000\040\000v\000i\000\352\000n}{subsection.4.6}% 40
\BOOKMARK [3][-]{subsubsection.4.6.5}{\376\377\000X\000\363\000a\000\040\000n\000h\000\342\000n\000\040\000v\000i\000\352\000n}{subsection.4.6}% 41
\BOOKMARK [3][-]{subsubsection.4.6.6}{\376\377\000Y\000\352\000u\000\040\000c\036\247\000u\000\040\000t\000h\000\352\000m\000\040\000n\000h\000\342\000n\000\040\000v\000i\000\352\000n}{subsection.4.6}% 42
\BOOKMARK [3][-]{subsubsection.4.6.7}{\376\377\000Y\000\352\000u\000\040\000c\036\247\000u\000\040\000x\000\363\000a\000\040\000n\000h\000\342\000n\000\040\000v\000i\000\352\000n}{subsection.4.6}% 43
\BOOKMARK [3][-]{subsubsection.4.6.8}{\376\377\000D\000u\000y\036\307\000t\000\040\000y\000\352\000u\000\040\000c\036\247\000u\000\040\000c\036\255\000p\000\040\000n\000h\036\255\000t\000\040\000n\000h\000\342\000n\000\040\000v\000i\000\352\000n}{subsection.4.6}% 44
\BOOKMARK [3][-]{subsubsection.4.6.9}{\376\377\001\020\000i\036\303\000m\000\040\000d\000a\000n\000h}{subsection.4.6}% 45
\BOOKMARK [2][-]{subsection.4.7}{\376\377\000Q\000u\036\243\000n\000\040\000l\000\375\000\040\000t\000\340\000i\000\040\000k\000h\000o\036\243\000n}{section.4}% 46
\BOOKMARK [3][-]{subsubsection.4.7.1}{\376\377\001\020\001\003\000n\000g\000\040\000k\000\375}{subsection.4.7}% 47
\BOOKMARK [3][-]{subsubsection.4.7.2}{\376\377\000C\000h\036\311\000n\000h\000\040\000s\036\355\000a\000\040\000t\000h\000\364\000n\000g\000\040\000t\000i\000n}{subsection.4.7}% 48
\BOOKMARK [3][-]{subsubsection.4.7.3}{\376\377\000T\036\241\000o\000\040\000m\036\333\000i\000\040\000m\036\255\000t\000\040\000k\000h\036\251\000u}{subsection.4.7}% 49
\BOOKMARK [3][-]{subsubsection.4.7.4}{\376\377\000X\000e\000m\000\040\000t\000h\000\364\000n\000g\000\040\000t\000i\000n\000\040\000c\000h\000i\000\040\000t\000i\036\277\000t\000\040\000t\000\340\000i\000\040\000k\000h\000o\036\243\000n}{subsection.4.7}% 50
\BOOKMARK [2][-]{subsection.4.8}{\376\377\000Q\000u\036\243\000n\000\040\000l\000\375\000\040\000k\000h\000o}{section.4}% 51
\BOOKMARK [3][-]{subsubsection.4.8.1}{\376\377\000X\000e\000m\000\040\000t\000h\000\364\000n\000g\000\040\000t\000i\000n\000\040\000c\000h\000i\000\040\000t\000i\036\277\000t\000\040\000k\000h\000o}{subsection.4.8}% 52
\BOOKMARK [3][-]{subsubsection.4.8.2}{\376\377\000T\000h\000\352\000m\000\040\000k\000h\000o}{subsection.4.8}% 53
\BOOKMARK [3][-]{subsubsection.4.8.3}{\376\377\000C\000h\036\311\000n\000h\000\040\000s\036\355\000a\000\040\000t\000h\000\364\000n\000g\000\040\000t\000i\000n\000\040\000k\000h\000o}{subsection.4.8}% 54
\BOOKMARK [3][-]{subsubsection.4.8.4}{\376\377\000X\000\363\000a\000\040\000k\000h\000o}{subsection.4.8}% 55
\BOOKMARK [2][-]{subsection.4.9}{\376\377\000Q\000u\036\243\000n\000\040\000l\000\375\000\040\000h\000\340\000n\000g\000\040\000h\000\363\000a}{section.4}% 56
\BOOKMARK [3][-]{subsubsection.4.9.1}{\376\377\000T\000h\000\352\000m\000\040\000h\000\340\000n\000g\000\040\000t\000r\000o\000n\000g\000\040\000k\000h\000o}{subsection.4.9}% 57
\BOOKMARK [3][-]{subsubsection.4.9.2}{\376\377\000X\000\363\000a\000\040\000h\000\340\000n\000g\000\040\000t\000r\000o\000n\000g\000\040\000k\000h\000o}{subsection.4.9}% 58
\BOOKMARK [3][-]{subsubsection.4.9.3}{\376\377\000X\000e\000m\000\040\000t\000h\000\364\000n\000g\000\040\000t\000i\000n\000\040\000c\000h\000i\000\040\000t\000i\036\277\000t\000\040\000h\000\340\000n\000g}{subsection.4.9}% 59
\BOOKMARK [3][-]{subsubsection.4.9.4}{\376\377\000C\000h\036\311\000n\000h\000\040\000s\036\355\000a\000\040\000t\000h\000\364\000n\000g\000\040\000t\000i\000n\000\040\000h\000\340\000n\000g}{subsection.4.9}% 60
\BOOKMARK [3][-]{subsubsection.4.9.5}{\376\377\000X\000u\036\245\000t\000\040\000h\000\340\000n\000g\000\040\000t\000r\000o\000n\000g\000\040\000k\000h\000o}{subsection.4.9}% 61
\BOOKMARK [3][-]{subsubsection.4.9.6}{\376\377\000C\000h\000u\000y\036\303\000n\000\040\000k\000h\000o}{subsection.4.9}% 62
\BOOKMARK [3][-]{subsubsection.4.9.7}{\376\377\000N\000h\036\255\000n\000\040\000t\000r\036\243\000\040\000h\000\340\000n\000g}{subsection.4.9}% 63
\BOOKMARK [2][-]{subsection.4.10}{\376\377\000Q\000u\036\243\000n\000\040\000l\000\375\000\040\001\021\001\241\000n\000\040\000h\000\340\000n\000g}{section.4}% 64
\BOOKMARK [3][-]{subsubsection.4.10.1}{\376\377\000X\000e\000m\000\040\000t\000h\000\364\000n\000g\000\040\000t\000i\000n\000\040\001\021\001\241\000n\000\040\000h\000\340\000n\000g\000\040\000t\000r\036\361\000c\000\040\000t\000i\036\277\000p}{subsection.4.10}% 65
\BOOKMARK [3][-]{subsubsection.4.10.2}{\376\377\000X\000e\000m\000\040\000t\000h\000\364\000n\000g\000\040\000t\000i\000n\000\040\001\021\001\241\000n\000\040\000h\000\340\000n\000g\000\040\000t\000r\036\361\000c\000\040\000t\000u\000y\036\277\000n}{subsection.4.10}% 66
\BOOKMARK [3][-]{subsubsection.4.10.3}{\376\377\000C\036\255\000p\000\040\000n\000h\036\255\000t\000\040\000t\000r\036\241\000n\000g\000\040\000t\000h\000\341\000i\000\040\001\021\001\241\000n\000\040\000h\000\340\000n\000g}{subsection.4.10}% 67
\BOOKMARK [3][-]{subsubsection.4.10.4}{\376\377\000X\000e\000m\000\040\000t\000r\036\241\000n\000g\000\040\000t\000h\000\341\000i\000\040\001\021\001\241\000n\000\040\000h\000\340\000n\000g}{subsection.4.10}% 68
\BOOKMARK [3][-]{subsubsection.4.10.5}{\376\377\000Y\000\352\000u\000\040\000c\036\247\000u\000\040\000x\000u\036\245\000t\000\040\000h\000\363\000a\000\040\001\021\001\241\000n}{subsection.4.10}% 69
\BOOKMARK [1][-]{section.5}{\376\377\000T\000h\000i\036\277\000t\000\040\000k\036\277\000\040\000l\001\260\036\343\000c\000\040\001\021\036\323\000\040\000B\000P\000M\000N}{}% 70
\BOOKMARK [1][-]{section.6}{\376\377\000K\000i\036\277\000n\000\040\000t\000r\000\372\000c\000\040\000h\036\307\000\040\000t\000h\036\321\000n\000g}{}% 71
\BOOKMARK [2][-]{subsection.6.1}{\376\377\000T\036\325\000n\000g\000\040\000q\000u\000a\000n}{section.6}% 72
\BOOKMARK [2][-]{subsection.6.2}{\376\377\000T\036\247\000n\000g\000\040\000U\000I}{section.6}% 73
\BOOKMARK [2][-]{subsection.6.3}{\376\377\000T\036\247\000n\000g\000\040\000A\000P\000I}{section.6}% 74
\BOOKMARK [2][-]{subsection.6.4}{\376\377\000T\036\247\000n\000g\000\040\000s\000e\000r\000v\000i\000c\000e}{section.6}% 75
\BOOKMARK [1][-]{section.7}{\376\377\000T\000h\000i\036\277\000t\000\040\000k\036\277\000\040\000c\001\241\000\040\000s\036\337\000\040\000d\036\357\000\040\000l\000i\036\307\000u}{}% 76
\BOOKMARK [1][-]{section.8}{\376\377\000T\000h\000i\036\277\000t\000\040\000k\036\277\000\040\000g\000i\000a\000o\000\040\000d\000i\036\307\000n}{}% 77
\BOOKMARK [2][-]{subsection.8.1}{\376\377\000G\000i\000a\000o\000\040\000d\000i\036\307\000n\000\040\000c\000h\000u\000n\000g}{section.8}% 78
\BOOKMARK [3][-]{subsubsection.8.1.1}{\376\377\001\020\001\003\000n\000g\000\040\000n\000h\036\255\000p}{subsection.8.1}% 79
\BOOKMARK [2][-]{subsection.8.2}{\376\377\000G\000i\000a\000o\000\040\000d\000i\036\307\000n\000\040\000n\000g\001\260\036\335\000i\000\040\000d\000\371\000n\000g}{section.8}% 80
\BOOKMARK [3][-]{subsubsection.8.2.1}{\376\377\001\020\001\003\000n\000g\000\040\000k\000\375}{subsection.8.2}% 81
\BOOKMARK [3][-]{subsubsection.8.2.2}{\376\377\000T\036\241\000o\000\040\000l\036\241\000i\000\040\000m\036\255\000t\000\040\000k\000h\036\251\000u}{subsection.8.2}% 82
\BOOKMARK [3][-]{subsubsection.8.2.3}{\376\377\000H\000e\000a\000d\000e\000r}{subsection.8.2}% 83
\BOOKMARK [3][-]{subsubsection.8.2.4}{\376\377\000F\000o\000o\000t\000e\000r}{subsection.8.2}% 84
\BOOKMARK [3][-]{subsubsection.8.2.5}{\376\377\000T\000r\000a\000n\000g\000\040\000c\000h\036\347}{subsection.8.2}% 85
\BOOKMARK [3][-]{subsubsection.8.2.6}{\376\377\000T\000h\000\364\000n\000g\000\040\000t\000i\000n\000\040\000c\000h\000i\000\040\000t\000i\036\277\000t\000\040\000s\036\243\000n\000\040\000p\000h\036\251\000m}{subsection.8.2}% 86
\BOOKMARK [3][-]{subsubsection.8.2.7}{\376\377\000G\000i\036\317\000\040\000h\000\340\000n\000g}{subsection.8.2}% 87
\BOOKMARK [3][-]{subsubsection.8.2.8}{\376\377\000T\000h\000a\000n\000h\000\040\000t\000o\000\341\000n}{subsection.8.2}% 88
\BOOKMARK [3][-]{subsubsection.8.2.9}{\376\377\000G\000i\000a\000o\000\040\000d\000i\036\307\000n\000\040\000q\000u\036\243\000n\000\040\000l\000\375\000\040\001\021\001\241\000n\000\040\000h\000\340\000n\000g}{subsection.8.2}% 89
\BOOKMARK [3][-]{subsubsection.8.2.10}{\376\377\000G\000i\000a\000o\000\040\000d\000i\036\307\000n\000\040\000c\000h\000i\000\040\000t\000i\036\277\000t\000\040\001\021\001\241\000n\000\040\000h\000\340\000n\000g}{subsection.8.2}% 90
\BOOKMARK [3][-]{subsubsection.8.2.11}{\376\377\000G\000i\000a\000o\000\040\000d\000i\036\307\000n\000\040\000t\000h\000\364\000n\000g\000\040\000t\000i\000n\000\040\000k\000h\000\341\000c\000h\000\040\000h\000\340\000n\000g}{subsection.8.2}% 91
\BOOKMARK [2][-]{subsection.8.3}{\376\377\000G\000i\000a\000o\000\040\000d\000i\036\307\000n\000\040\000q\000u\036\243\000n\000\040\000t\000r\036\313\000\040\000v\000i\000\352\000n}{section.8}% 92
\BOOKMARK [3][-]{subsubsection.8.3.1}{\376\377\000C\000h\000u\000n\000g}{subsection.8.3}% 93
\BOOKMARK [0][-]{subsubsubsection.8.3.1.1}{\376\377\000T\000h\000a\000y\000\040\001\021\036\325\000i\000\040\000m\036\255\000t\000\040\000k\000h\036\251\000u}{}% 94
\BOOKMARK [1][-]{subsubsection.8.3.2}{\376\377\000Q\000u\036\243\000n\000\040\000l\000\375\000\040\000c\000h\000i\000\040\000n\000h\000\341\000n\000h}{subsubsubsection.8.3.1.1}% 95
\BOOKMARK [0][-]{subsubsubsection.8.3.2.1}{\376\377\000T\000h\000\352\000m\000,\000\040\000c\000h\036\311\000n\000h\000\040\000s\036\355\000a\000\040\000c\000h\000i\000\040\000n\000h\000\341\000n\000h}{}% 96
\BOOKMARK [0][-]{subsubsubsection.8.3.2.2}{\376\377\000T\000h\000\364\000n\000g\000\040\000t\000i\000n\000\040\000c\000h\000i\000\040\000t\000i\036\277\000t\000\040\000c\000h\000i\000\040\000n\000h\000\341\000n\000h}{}% 97
\BOOKMARK [1][-]{subsubsection.8.3.3}{\376\377\000Q\000u\036\243\000n\000\040\000l\000\375\000\040\000h\000o\036\241\000t\000\040\001\021\036\331\000n\000g\000\040\000k\000i\000n\000h\000\040\000d\000o\000a\000n\000h}{subsubsubsection.8.3.2.2}% 98
\BOOKMARK [2][-]{subsubsection.8.3.4}{\376\377\000Q\000u\036\243\000n\000\040\000l\000\375\000\040\000n\000h\000\342\000n\000\040\000v\000i\000\352\000n}{subsubsection.8.3.3}% 99
\BOOKMARK [0][-]{subsubsubsection.8.3.4.1}{\376\377\000T\000h\000\352\000m\000,\000\040\000c\000h\036\311\000n\000h\000\040\000s\036\355\000a\000\040\000n\000h\000\342\000n\000\040\000v\000i\000\352\000n}{}% 100
\BOOKMARK [0][-]{subsubsubsection.8.3.4.2}{\376\377\000T\000h\000\364\000n\000g\000\040\000t\000i\000n\000\040\000c\000h\000i\000\040\000t\000i\036\277\000t\000\040\000n\000h\000\342\000n\000\040\000v\000i\000\352\000n}{}% 101
\BOOKMARK [0][-]{subsubsubsection.8.3.4.3}{\376\377\000Q\000u\036\243\000n\000\040\000l\000\375\000\040\000y\000\352\000u\000\040\000c\036\247\000u\000\040\000n\000h\000\342\000n\000\040\000v\000i\000\352\000n}{}% 102
\BOOKMARK [0][-]{subsubsubsection.8.3.4.4}{\376\377\000Y\000\352\000u\000\040\000c\036\247\000u\000\040\000t\000h\000\352\000m\000\040\000n\000h\000\342\000n\000\040\000v\000i\000\352\000n}{}% 103
\BOOKMARK [0][-]{subsubsubsection.8.3.4.5}{\376\377\000Y\000\352\000u\000\040\000c\036\247\000u\000\040\000x\000\363\000a\000\040\000n\000h\000\342\000n\000\040\000v\000i\000\352\000n}{}% 104
\BOOKMARK [1][-]{subsubsection.8.3.5}{\376\377\000Q\000u\036\243\000n\000\040\000l\000\375\000\040\000t\000\340\000i\000\040\000k\000h\000o\036\243\000n}{subsubsubsection.8.3.4.5}% 105
\BOOKMARK [0][-]{subsubsubsection.8.3.5.1}{\376\377\000T\000h\000\364\000n\000g\000\040\000t\000i\000n\000\040\000c\000h\000i\000\040\000t\000i\036\277\000t\000\040\000t\000\340\000i\000\040\000k\000h\000o\036\243\000n}{}% 106
\BOOKMARK [0][-]{subsubsubsection.8.3.5.2}{\376\377\000T\000h\000\364\000n\000g\000\040\000t\000i\000n\000\040\000c\000h\000i\000\040\000t\000i\036\277\000t\000\040\001\021\001\241\000n\000\040\000h\000\340\000n\000g}{}% 107
\BOOKMARK [1][-]{subsubsection.8.3.6}{\376\377\000Q\000u\036\243\000n\000\040\000l\000\375\000\040\000k\000h\000o}{subsubsubsection.8.3.5.2}% 108
\BOOKMARK [2][-]{subsubsection.8.3.7}{\376\377\000T\000h\000\352\000m\000,\000\040\000c\000h\036\311\000n\000h\000\040\000s\036\355\000a\000\040\000t\000h\000\364\000n\000g\000\040\000t\000i\000n\000\040\000k\000h\000o}{subsubsection.8.3.6}% 109
\BOOKMARK [3][-]{subsubsection.8.3.8}{\376\377\000Q\000u\036\243\000n\000\040\000l\000\375\000\040\000s\036\361\000\040\000k\000i\036\307\000n}{subsubsection.8.3.7}% 110
\BOOKMARK [3][-]{subsubsection.8.3.9}{\376\377\000T\000h\000\352\000m\000,\000\040\000c\000h\036\311\000n\000h\000\040\000s\036\355\000a\000\040\000t\000h\000\364\000n\000g\000\040\000t\000i\000n\000\040\000s\036\361\000\040\000k\000i\036\307\000n}{subsubsection.8.3.7}% 111
\BOOKMARK [3][-]{subsubsection.8.3.10}{\376\377\000C\000h\036\315\000n\000\040\000h\000\340\000n\000g\000\040\000c\000h\000o\000\040\000s\036\361\000\040\000k\000i\036\307\000n}{subsubsection.8.3.7}% 112
\BOOKMARK [3][-]{subsubsection.8.3.11}{\376\377\000Q\000u\036\243\000n\000\040\000l\000\375\000\040\000h\000\340\000n\000g\000\040\000h\000\363\000a}{subsubsection.8.3.7}% 113
\BOOKMARK [0][-]{subsubsubsection.8.3.11.1}{\376\377\000C\000h\036\311\000n\000h\000\040\000s\036\355\000a\000\040\000t\000h\000\364\000n\000g\000\040\000t\000i\000n\000\040\000h\000\340\000n\000g}{}% 114
\BOOKMARK [0][-]{subsubsubsection.8.3.11.2}{\376\377\000V\036\255\000n\000\040\000c\000h\000u\000y\036\303\000n\000\040\000h\000\340\000n\000g}{}% 115
\BOOKMARK [1][-]{subsubsection.8.3.12}{\376\377\000Q\000u\036\243\000n\000\040\000l\000\375\000\040\001\021\001\241\000n\000\040\000h\000\340\000n\000g\000\040\000t\000r\036\361\000c\000\040\000t\000u\000y\036\277\000n}{subsubsubsection.8.3.11.2}% 116
\BOOKMARK [0][-]{subsubsubsection.8.3.12.1}{\376\377\000C\000h\000i\000\040\000t\000i\036\277\000t\000\040\001\021\001\241\000n\000\040\000h\000\340\000n\000g\000\040\000t\000r\036\361\000c\000\040\000t\000u\000y\036\277\000n}{}% 117
\BOOKMARK [1][-]{subsubsection.8.3.13}{\376\377\000Q\000u\036\243\000n\000\040\000l\000\375\000\040\001\021\001\241\000n\000\040\000h\000\340\000n\000g\000\040\000t\000r\036\361\000c\000\040\000t\000i\036\277\000p}{subsubsubsection.8.3.12.1}% 118
\BOOKMARK [0][-]{subsubsubsection.8.3.13.1}{\376\377\000C\000h\000i\000\040\000t\000i\036\277\000t\000\040\001\021\001\241\000n\000\040\000h\000\340\000n\000g\000\040\000c\036\355\000a\000\040\000h\000\340\000n\000g}{}% 119
\BOOKMARK [1][-]{subsubsection.8.3.14}{\376\377\000G\000i\000a\000o\000\040\000d\000i\036\307\000n\000\040\000k\000h\000\341\000c}{subsubsubsection.8.3.13.1}% 120
\BOOKMARK [0][-]{subsubsubsection.8.3.14.1}{\376\377\000Q\000u\036\243\000n\000\040\000l\000\375\000\040\000c\000h\000i\000\040\000n\000h\000\341\000n\000h}{}% 121
\BOOKMARK [0][-]{subsubsubsection.8.3.14.2}{\376\377\000T\000r\001\260\036\337\000n\000g\000\040\000c\000h\000i\000\040\000n\000h\000\341\000n\000h}{}% 122
\BOOKMARK [0][-]{subsubsubsection.8.3.14.3}{\376\377\000Q\000u\036\243\000n\000\040\000l\000\375\000\040\000h\000\340\000n\000g\000\040\000h\000\363\000a}{}% 123
\BOOKMARK [0][-]{subsubsubsection.8.3.14.4}{\376\377\000Q\000u\036\243\000n\000\040\000l\000\375\000\040\000k\000h\000o}{}% 124
\BOOKMARK [1][-]{section.9}{\376\377\000L\036\361\000a\000\040\000c\000h\036\315\000n\000\040\000c\000\364\000n\000g\000\040\000n\000g\000h\036\307}{subsubsubsection.8.3.14.4}% 125
\BOOKMARK [2][-]{subsection.9.1}{\376\377\000F\000r\000o\000n\000t\000-\000e\000n\000d}{section.9}% 126
\BOOKMARK [2][-]{subsection.9.2}{\376\377\000B\000a\000c\000k\000-\000e\000n\000d}{section.9}% 127
\BOOKMARK [1][-]{section.10}{\376\377\000T\036\325\000n\000g\000\040\000k\036\277\000t}{subsubsubsection.8.3.14.4}% 128
\BOOKMARK [2][-]{subsection.10.1}{\376\377\000K\036\277\000\040\000h\000o\036\241\000c\000h\000\040\000c\000h\000o\000\040\000g\000i\000a\000i\000\040\001\021\000o\036\241\000n\000\040\000l\000u\036\255\000n\000\040\000v\001\003\000n}{section.10}% 129
\BOOKMARK [1][-]{section.11}{\376\377\000T\000h\000a\000m\000\040\000k\000h\036\243\000o}{subsubsubsection.8.3.14.4}% 130
